2017-11-23 20:44:57 INFO org.eduprom.tasks.Benchmark main started application
2017-11-23 20:44:58 INFO org.eduprom.miners.adaptiveNoise.benchmarks.AdaBenchmark run run_id: 03eb1782-6712-4148-8482-bdbde1e95981, total executions: 1
2017-11-23 20:44:58 INFO org.eduprom.miners.adaptiveNoise.benchmarks.AdaBenchmark run run_id: 03eb1782-6712-4148-8482-bdbde1e95981, started execution 1/1
2017-11-23 20:44:59 INFO org.eduprom.miners.adaptiveNoise.benchmarks.AdaBenchmark run LOG - (TRAINING, VALIDATION, TEST): (1000, 0, 0)
2017-11-23 20:44:59 INFO org.eduprom.miners.AbstractMiner mine Started training the log file: EventLogs\contest_2017\log1.xes using the algorithm: AdaMiner
2017-11-23 20:44:59 INFO org.eduprom.miners.AbstractMiner mine reading event log finished successfully,log size: 1000
2017-11-23 20:44:59 INFO org.eduprom.miners.adaptiveNoise.AdaMiner discover Miners with 6 noise thresholds 0.0,1.0,0.2,0.4,0.8,0.6 are optional
2017-11-23 20:44:59 INFO org.eduprom.miners.adaptiveNoise.AdaMiner discover Fitness weight: 0.200000, Precision weight: 0.400000, generalization weight: 0.400000
2017-11-23 20:45:00 INFO org.eduprom.miners.adaptiveNoise.AdaMiner mineNode started evaluating miners
2017-11-23 20:45:08 INFO org.eduprom.miners.adaptiveNoise.AdaMiner mineNode Best cut of 0.000000 noise threshold
2017-11-23 20:45:08 INFO org.eduprom.miners.adaptiveNoise.AdaMiner mineNode started evaluating miners
2017-11-23 20:45:14 INFO org.eduprom.miners.adaptiveNoise.AdaMiner mineNode Best cut of 0.000000 noise threshold
2017-11-23 20:45:14 INFO org.eduprom.miners.adaptiveNoise.AdaMiner discover Found total 3 trees
2017-11-23 20:45:17 INFO org.eduprom.miners.adaptiveNoise.AdaMiner discover Best AdA model: conformance psi: 0.740081, fitness (0.200000, 1.000000), precision(0.400000, 0.350202), generalization: (0.400000,1.000000), tree: Seq(And(v, And(p, And(m, And(g, And(c, XorLoop(Seq(Xor(Seq(Xor(tau, b), Xor(tau, Xor(t, s, w, a, u))), e), Xor(tau, XorLoop(Xor(Seq(Xor(tau, q), Xor(h, d, o)), n, Seq(Xor(f, l, k), Xor(tau, r)), i), tau, tau))), tau, tau)))))), Xor(tau, j))
2017-11-23 20:45:17 INFO org.eduprom.miners.AbstractMiner mine Training the log file: EventLogs\contest_2017\log1.xes using the algorithm: AdaMiner has completed successfully
2017-11-23 20:45:18 INFO org.eduprom.miners.AbstractMiner mine Started training the log file: EventLogs\contest_2017\log1.xes using the algorithm: AdaMiner
2017-11-23 20:45:18 INFO org.eduprom.miners.AbstractMiner mine reading event log finished successfully,log size: 1000
2017-11-23 20:45:18 INFO org.eduprom.miners.adaptiveNoise.AdaMiner discover Miners with 6 noise thresholds 0.0,1.0,0.2,0.4,0.8,0.6 are optional
2017-11-23 20:45:18 INFO org.eduprom.miners.adaptiveNoise.AdaMiner discover Fitness weight: 0.200000, Precision weight: 0.400000, generalization weight: 0.400000
2017-11-23 20:45:18 INFO org.eduprom.miners.adaptiveNoise.AdaMiner mineNode started evaluating miners
2017-11-23 20:45:27 INFO org.eduprom.miners.adaptiveNoise.AdaMiner mineNode Best cut of 1.000000 noise threshold
2017-11-23 20:45:27 INFO org.eduprom.miners.adaptiveNoise.AdaMiner mineNode started evaluating miners
2017-11-23 20:45:33 INFO org.eduprom.miners.adaptiveNoise.AdaMiner mineNode Best cut of 1.000000 noise threshold
2017-11-23 20:45:33 INFO org.eduprom.miners.adaptiveNoise.AdaMiner mineNode started evaluating miners
2017-11-23 20:45:38 INFO org.eduprom.miners.adaptiveNoise.AdaMiner mineNode Best cut of 1.000000 noise threshold
2017-11-23 20:45:38 INFO org.eduprom.miners.adaptiveNoise.AdaMiner mineNode started evaluating miners
2017-11-23 20:45:42 INFO org.eduprom.miners.adaptiveNoise.AdaMiner mineNode Best cut of 1.000000 noise threshold
2017-11-23 20:45:42 INFO org.eduprom.miners.adaptiveNoise.AdaMiner mineNode started evaluating miners
2017-11-23 20:45:48 INFO org.eduprom.miners.adaptiveNoise.AdaMiner mineNode Best cut of 1.000000 noise threshold
2017-11-23 20:45:48 INFO org.eduprom.miners.adaptiveNoise.AdaMiner mineNode started evaluating miners
2017-11-23 20:45:49 INFO org.eduprom.miners.adaptiveNoise.AdaMiner mineNode Best cut of 0.000000 noise threshold
2017-11-23 20:45:49 INFO org.eduprom.miners.adaptiveNoise.AdaMiner discover Found total 25 trees
2017-11-23 20:46:15 INFO org.eduprom.miners.adaptiveNoise.AdaMiner discover Best AdA model: conformance psi: 0.787136, fitness (0.200000, 0.545028), precision(0.400000, 0.695326), generalization: (0.400000,1.000000), tree: Seq(c, b, s, m, And(p, g, v, XorLoop(Xor(Seq(Xor(t, u, l), f), w, a, e), tau, tau)), And(h, Seq(n, i, And(d, q), o)), And(r, k))
2017-11-23 20:46:15 INFO org.eduprom.miners.AbstractMiner mine Training the log file: EventLogs\contest_2017\log1.xes using the algorithm: AdaMiner has completed successfully
2017-11-23 20:46:16 INFO org.eduprom.miners.AbstractMiner mine Started training the log file: EventLogs\contest_2017\log1.xes using the algorithm: NoiseInductiveMiner
2017-11-23 20:46:16 INFO org.eduprom.miners.AbstractMiner mine reading event log finished successfully,log size: 1000
2017-11-23 20:46:16 INFO org.eduprom.miners.AbstractMiner mine Training the log file: EventLogs\contest_2017\log1.xes using the algorithm: NoiseInductiveMiner has completed successfully
2017-11-23 20:46:17 INFO org.eduprom.miners.AbstractMiner mine Started training the log file: EventLogs\contest_2017\log1.xes using the algorithm: NoiseInductiveMiner
2017-11-23 20:46:17 INFO org.eduprom.miners.AbstractMiner mine reading event log finished successfully,log size: 1000
2017-11-23 20:46:17 INFO org.eduprom.miners.AbstractMiner mine Training the log file: EventLogs\contest_2017\log1.xes using the algorithm: NoiseInductiveMiner has completed successfully
2017-11-23 20:46:18 INFO org.eduprom.miners.AbstractMiner mine Started training the log file: EventLogs\contest_2017\log1.xes using the algorithm: NoiseInductiveMiner
2017-11-23 20:46:18 INFO org.eduprom.miners.AbstractMiner mine reading event log finished successfully,log size: 1000
2017-11-23 20:46:18 INFO org.eduprom.miners.AbstractMiner mine Training the log file: EventLogs\contest_2017\log1.xes using the algorithm: NoiseInductiveMiner has completed successfully
2017-11-23 20:46:19 INFO org.eduprom.miners.AbstractMiner mine Started training the log file: EventLogs\contest_2017\log1.xes using the algorithm: NoiseInductiveMiner
2017-11-23 20:46:19 INFO org.eduprom.miners.AbstractMiner mine reading event log finished successfully,log size: 1000
2017-11-23 20:46:19 INFO org.eduprom.miners.AbstractMiner mine Training the log file: EventLogs\contest_2017\log1.xes using the algorithm: NoiseInductiveMiner has completed successfully
2017-11-23 20:46:20 INFO org.eduprom.miners.AbstractMiner mine Started training the log file: EventLogs\contest_2017\log1.xes using the algorithm: NoiseInductiveMiner
2017-11-23 20:46:20 INFO org.eduprom.miners.AbstractMiner mine reading event log finished successfully,log size: 1000
2017-11-23 20:46:21 INFO org.eduprom.miners.AbstractMiner mine Training the log file: EventLogs\contest_2017\log1.xes using the algorithm: NoiseInductiveMiner has completed successfully
2017-11-23 20:46:22 INFO org.eduprom.miners.AbstractMiner mine Started training the log file: EventLogs\contest_2017\log1.xes using the algorithm: NoiseInductiveMiner
2017-11-23 20:46:22 INFO org.eduprom.miners.AbstractMiner mine reading event log finished successfully,log size: 1000
2017-11-23 20:46:22 INFO org.eduprom.miners.AbstractMiner mine Training the log file: EventLogs\contest_2017\log1.xes using the algorithm: NoiseInductiveMiner has completed successfully
2017-11-23 20:46:23 INFO org.eduprom.miners.AbstractMiner mine Started training the log file: EventLogs\contest_2017\log1.xes using the algorithm: NoiseInductiveMiner
2017-11-23 20:46:23 INFO org.eduprom.miners.AbstractMiner mine reading event log finished successfully,log size: 1000
2017-11-23 20:46:23 INFO org.eduprom.miners.AbstractMiner mine Training the log file: EventLogs\contest_2017\log1.xes using the algorithm: NoiseInductiveMiner has completed successfully
2017-11-23 20:46:24 INFO org.eduprom.miners.AbstractMiner mine Started training the log file: EventLogs\contest_2017\log1.xes using the algorithm: NoiseInductiveMiner
2017-11-23 20:46:24 INFO org.eduprom.miners.AbstractMiner mine reading event log finished successfully,log size: 1000
2017-11-23 20:46:24 INFO org.eduprom.miners.AbstractMiner mine Training the log file: EventLogs\contest_2017\log1.xes using the algorithm: NoiseInductiveMiner has completed successfully
2017-11-23 20:46:26 INFO org.eduprom.miners.AbstractMiner mine Started training the log file: EventLogs\contest_2017\log1.xes using the algorithm: NoiseInductiveMiner
2017-11-23 20:46:26 INFO org.eduprom.miners.AbstractMiner mine reading event log finished successfully,log size: 1000
2017-11-23 20:46:26 INFO org.eduprom.miners.AbstractMiner mine Training the log file: EventLogs\contest_2017\log1.xes using the algorithm: NoiseInductiveMiner has completed successfully
2017-11-23 20:46:27 INFO org.eduprom.miners.AbstractMiner mine Started training the log file: EventLogs\contest_2017\log1.xes using the algorithm: NoiseInductiveMiner
2017-11-23 20:46:27 INFO org.eduprom.miners.AbstractMiner mine reading event log finished successfully,log size: 1000
2017-11-23 20:46:27 INFO org.eduprom.miners.AbstractMiner mine Training the log file: EventLogs\contest_2017\log1.xes using the algorithm: NoiseInductiveMiner has completed successfully
2017-11-23 20:46:27 INFO org.eduprom.miners.AbstractMiner mine Started training the log file: EventLogs\contest_2017\log1.xes using the algorithm: NoiseInductiveMiner
2017-11-23 20:46:27 INFO org.eduprom.miners.AbstractMiner mine reading event log finished successfully,log size: 1000
2017-11-23 20:46:27 INFO org.eduprom.miners.AbstractMiner mine Training the log file: EventLogs\contest_2017\log1.xes using the algorithm: NoiseInductiveMiner has completed successfully
2017-11-23 20:46:28 INFO org.eduprom.miners.AbstractMiner mine Started training the log file: EventLogs\contest_2017\log1.xes using the algorithm: NoiseInductiveMiner
2017-11-23 20:46:28 INFO org.eduprom.miners.AbstractMiner mine reading event log finished successfully,log size: 1000
2017-11-23 20:46:28 INFO org.eduprom.miners.AbstractMiner mine Training the log file: EventLogs\contest_2017\log1.xes using the algorithm: NoiseInductiveMiner has completed successfully
2017-11-23 20:46:31 INFO org.eduprom.miners.adaptiveNoise.benchmarks.AdaBenchmark run BEST BASELINE (IMi) (noise 1.000000 )          : psi: 0.786540, fitness (0.200000, 0.532483), precision(0.400000, 0.700108), generalization: (0.400000,1.000000), Seq(c, b, s, m, And(p, g, v, XorLoop(Xor(Seq(Xor(t, u, l), f), w, a, e), tau, tau)), And(h, Seq(n, i, And(d, q), o)), And(r, k), j)
2017-11-23 20:46:31 INFO org.eduprom.miners.adaptiveNoise.benchmarks.AdaBenchmark run BEST BASELINE (IMi pre filter) (noise 1.000000 ): psi: 0.738873, fitness (0.200000, 1.000000), precision(0.400000, 0.347184), generalization: (0.400000,1.000000), Seq(And(v, p, m, g, c, XorLoop(Seq(Xor(Seq(Xor(tau, b), Xor(tau, t, s, w, a, u)), e), Xor(tau, XorLoop(Xor(Seq(Xor(tau, q), Xor(h, d, o)), n, Seq(Xor(f, l, k), Xor(tau, r)), i), tau, tau))), tau, tau)), Xor(tau, j))
2017-11-23 20:46:31 INFO org.eduprom.miners.adaptiveNoise.benchmarks.AdaBenchmark run BEST AN MODEL (d=IMi)                    : psi: 0.787208, fitness (0.200000, 0.545028), precision(0.400000, 0.695506), generalization: (0.400000,1.000000)
2017-11-23 20:46:31 INFO org.eduprom.miners.adaptiveNoise.benchmarks.AdaBenchmark run BEST AN MODEL (d=IMi pre filter)         : psi: 0.738873, fitness (0.200000, 1.000000), precision(0.400000, 0.347184), generalization: (0.400000,1.000000)
2017-11-23 20:46:31 INFO org.eduprom.tasks.Benchmark main ended application
